{
  "stats": {
    "suites": 1,
    "tests": 10,
    "passes": 10,
    "pending": 0,
    "failures": 0,
    "start": "2020-12-25T10:25:32.514Z",
    "end": "2020-12-25T10:27:40.855Z",
    "duration": 128341,
    "testsRegistered": 10,
    "passPercent": 100,
    "pendingPercent": 0,
    "other": 0,
    "hasOther": false,
    "skipped": 0,
    "hasSkipped": false
  },
  "results": [
    {
      "uuid": "65e5a183-07f4-4d72-9793-681de54f59d6",
      "title": "",
      "fullFile": "cypress\\integration\\Users.feature",
      "file": "cypress\\integration\\Users.feature",
      "beforeHooks": [],
      "afterHooks": [],
      "tests": [],
      "suites": [
        {
          "uuid": "725a1fc5-7d52-4a2e-b0ca-ad2bf5ec1781",
          "title": "Users",
          "fullFile": "",
          "file": "",
          "beforeHooks": [],
          "afterHooks": [],
          "tests": [
            {
              "title": "Create new user",
              "fullTitle": "Users Create new user",
              "timedOut": null,
              "duration": 11718,
              "state": "passed",
              "speed": "slow",
              "pass": true,
              "fail": false,
              "pending": false,
              "context": null,
              "code": "const state = window.testState;\nreturn cy\n  .then(() => state.onStartScenario(scenario, indexedSteps))\n  .then(() =>\n    resolveAndRunBeforeHooks.call(this, scenario.tags, state.feature.name)\n  )\n  .then(() =>\n    indexedSteps.forEach((step) =>\n      stepTest.call(this, state, step, rowData)\n    )\n  )\n  .then(() =>\n    resolveAndRunAfterHooks.call(this, scenario.tags, state.feature.name)\n  )\n  .then(() => state.onFinishScenario(scenario));",
              "err": {},
              "uuid": "7d449d10-b4eb-45f1-b181-892b176ad667",
              "parentUUID": "725a1fc5-7d52-4a2e-b0ca-ad2bf5ec1781",
              "isHook": false,
              "skipped": false
            },
            {
              "title": "Create new user and login as that user",
              "fullTitle": "Users Create new user and login as that user",
              "timedOut": null,
              "duration": 14486,
              "state": "passed",
              "speed": "slow",
              "pass": true,
              "fail": false,
              "pending": false,
              "context": null,
              "code": "const state = window.testState;\nreturn cy\n  .then(() => state.onStartScenario(scenario, indexedSteps))\n  .then(() =>\n    resolveAndRunBeforeHooks.call(this, scenario.tags, state.feature.name)\n  )\n  .then(() =>\n    indexedSteps.forEach((step) =>\n      stepTest.call(this, state, step, rowData)\n    )\n  )\n  .then(() =>\n    resolveAndRunAfterHooks.call(this, scenario.tags, state.feature.name)\n  )\n  .then(() => state.onFinishScenario(scenario));",
              "err": {},
              "uuid": "687bedf0-3546-4f64-bcc4-05fa992e0c4c",
              "parentUUID": "725a1fc5-7d52-4a2e-b0ca-ad2bf5ec1781",
              "isHook": false,
              "skipped": false
            },
            {
              "title": "Create new user with too short name",
              "fullTitle": "Users Create new user with too short name",
              "timedOut": null,
              "duration": 8566,
              "state": "passed",
              "speed": "slow",
              "pass": true,
              "fail": false,
              "pending": false,
              "context": null,
              "code": "const state = window.testState;\nreturn cy\n  .then(() => state.onStartScenario(scenario, indexedSteps))\n  .then(() =>\n    resolveAndRunBeforeHooks.call(this, scenario.tags, state.feature.name)\n  )\n  .then(() =>\n    indexedSteps.forEach((step) =>\n      stepTest.call(this, state, step, rowData)\n    )\n  )\n  .then(() =>\n    resolveAndRunAfterHooks.call(this, scenario.tags, state.feature.name)\n  )\n  .then(() => state.onFinishScenario(scenario));",
              "err": {},
              "uuid": "e0f0b1a1-95a6-4ab5-aecc-27bb99064bce",
              "parentUUID": "725a1fc5-7d52-4a2e-b0ca-ad2bf5ec1781",
              "isHook": false,
              "skipped": false
            },
            {
              "title": "Create new user and search for it",
              "fullTitle": "Users Create new user and search for it",
              "timedOut": null,
              "duration": 11725,
              "state": "passed",
              "speed": "slow",
              "pass": true,
              "fail": false,
              "pending": false,
              "context": null,
              "code": "const state = window.testState;\nreturn cy\n  .then(() => state.onStartScenario(scenario, indexedSteps))\n  .then(() =>\n    resolveAndRunBeforeHooks.call(this, scenario.tags, state.feature.name)\n  )\n  .then(() =>\n    indexedSteps.forEach((step) =>\n      stepTest.call(this, state, step, rowData)\n    )\n  )\n  .then(() =>\n    resolveAndRunAfterHooks.call(this, scenario.tags, state.feature.name)\n  )\n  .then(() => state.onFinishScenario(scenario));",
              "err": {},
              "uuid": "6ea6debe-4e73-491f-a36c-303277eb454d",
              "parentUUID": "725a1fc5-7d52-4a2e-b0ca-ad2bf5ec1781",
              "isHook": false,
              "skipped": false
            },
            {
              "title": "Create new user with phone number and search for it with number",
              "fullTitle": "Users Create new user with phone number and search for it with number",
              "timedOut": null,
              "duration": 12471,
              "state": "passed",
              "speed": "slow",
              "pass": true,
              "fail": false,
              "pending": false,
              "context": null,
              "code": "const state = window.testState;\nreturn cy\n  .then(() => state.onStartScenario(scenario, indexedSteps))\n  .then(() =>\n    resolveAndRunBeforeHooks.call(this, scenario.tags, state.feature.name)\n  )\n  .then(() =>\n    indexedSteps.forEach((step) =>\n      stepTest.call(this, state, step, rowData)\n    )\n  )\n  .then(() =>\n    resolveAndRunAfterHooks.call(this, scenario.tags, state.feature.name)\n  )\n  .then(() => state.onFinishScenario(scenario));",
              "err": {},
              "uuid": "15c61d3d-66c7-4e03-87fa-3741a8557c06",
              "parentUUID": "725a1fc5-7d52-4a2e-b0ca-ad2bf5ec1781",
              "isHook": false,
              "skipped": false
            },
            {
              "title": "Create new user with emain and search for it with email",
              "fullTitle": "Users Create new user with emain and search for it with email",
              "timedOut": null,
              "duration": 11382,
              "state": "passed",
              "speed": "slow",
              "pass": true,
              "fail": false,
              "pending": false,
              "context": null,
              "code": "const state = window.testState;\nreturn cy\n  .then(() => state.onStartScenario(scenario, indexedSteps))\n  .then(() =>\n    resolveAndRunBeforeHooks.call(this, scenario.tags, state.feature.name)\n  )\n  .then(() =>\n    indexedSteps.forEach((step) =>\n      stepTest.call(this, state, step, rowData)\n    )\n  )\n  .then(() =>\n    resolveAndRunAfterHooks.call(this, scenario.tags, state.feature.name)\n  )\n  .then(() => state.onFinishScenario(scenario));",
              "err": {},
              "uuid": "ba19dbdf-5bdf-468a-bf4a-d5270201e0da",
              "parentUUID": "725a1fc5-7d52-4a2e-b0ca-ad2bf5ec1781",
              "isHook": false,
              "skipped": false
            },
            {
              "title": "Create new user and edit display name",
              "fullTitle": "Users Create new user and edit display name",
              "timedOut": null,
              "duration": 11670,
              "state": "passed",
              "speed": "slow",
              "pass": true,
              "fail": false,
              "pending": false,
              "context": null,
              "code": "const state = window.testState;\nreturn cy\n  .then(() => state.onStartScenario(scenario, indexedSteps))\n  .then(() =>\n    resolveAndRunBeforeHooks.call(this, scenario.tags, state.feature.name)\n  )\n  .then(() =>\n    indexedSteps.forEach((step) =>\n      stepTest.call(this, state, step, rowData)\n    )\n  )\n  .then(() =>\n    resolveAndRunAfterHooks.call(this, scenario.tags, state.feature.name)\n  )\n  .then(() => state.onFinishScenario(scenario));",
              "err": {},
              "uuid": "255ae0a7-3657-4681-adc5-df127f63dbaa",
              "parentUUID": "725a1fc5-7d52-4a2e-b0ca-ad2bf5ec1781",
              "isHook": false,
              "skipped": false
            },
            {
              "title": "Create new user and grant permission",
              "fullTitle": "Users Create new user and grant permission",
              "timedOut": null,
              "duration": 13333,
              "state": "passed",
              "speed": "slow",
              "pass": true,
              "fail": false,
              "pending": false,
              "context": null,
              "code": "const state = window.testState;\nreturn cy\n  .then(() => state.onStartScenario(scenario, indexedSteps))\n  .then(() =>\n    resolveAndRunBeforeHooks.call(this, scenario.tags, state.feature.name)\n  )\n  .then(() =>\n    indexedSteps.forEach((step) =>\n      stepTest.call(this, state, step, rowData)\n    )\n  )\n  .then(() =>\n    resolveAndRunAfterHooks.call(this, scenario.tags, state.feature.name)\n  )\n  .then(() => state.onFinishScenario(scenario));",
              "err": {},
              "uuid": "3fe82dcd-d231-40ae-a9b1-b76c2c950534",
              "parentUUID": "725a1fc5-7d52-4a2e-b0ca-ad2bf5ec1781",
              "isHook": false,
              "skipped": false
            },
            {
              "title": "Create new user and grant forwardable permission",
              "fullTitle": "Users Create new user and grant forwardable permission",
              "timedOut": null,
              "duration": 13502,
              "state": "passed",
              "speed": "slow",
              "pass": true,
              "fail": false,
              "pending": false,
              "context": null,
              "code": "const state = window.testState;\nreturn cy\n  .then(() => state.onStartScenario(scenario, indexedSteps))\n  .then(() =>\n    resolveAndRunBeforeHooks.call(this, scenario.tags, state.feature.name)\n  )\n  .then(() =>\n    indexedSteps.forEach((step) =>\n      stepTest.call(this, state, step, rowData)\n    )\n  )\n  .then(() =>\n    resolveAndRunAfterHooks.call(this, scenario.tags, state.feature.name)\n  )\n  .then(() => state.onFinishScenario(scenario));",
              "err": {},
              "uuid": "1f2cc053-49cb-4829-b283-1d61bda4883c",
              "parentUUID": "725a1fc5-7d52-4a2e-b0ca-ad2bf5ec1781",
              "isHook": false,
              "skipped": false
            },
            {
              "title": "Create new user and add admin role",
              "fullTitle": "Users Create new user and add admin role",
              "timedOut": null,
              "duration": 12734,
              "state": "passed",
              "speed": "slow",
              "pass": true,
              "fail": false,
              "pending": false,
              "context": null,
              "code": "const state = window.testState;\nreturn cy\n  .then(() => state.onStartScenario(scenario, indexedSteps))\n  .then(() =>\n    resolveAndRunBeforeHooks.call(this, scenario.tags, state.feature.name)\n  )\n  .then(() =>\n    indexedSteps.forEach((step) =>\n      stepTest.call(this, state, step, rowData)\n    )\n  )\n  .then(() =>\n    resolveAndRunAfterHooks.call(this, scenario.tags, state.feature.name)\n  )\n  .then(() => state.onFinishScenario(scenario));",
              "err": {},
              "uuid": "81cf95bb-d42f-4425-a491-c44d8d47d9d2",
              "parentUUID": "725a1fc5-7d52-4a2e-b0ca-ad2bf5ec1781",
              "isHook": false,
              "skipped": false
            }
          ],
          "suites": [],
          "passes": [
            "7d449d10-b4eb-45f1-b181-892b176ad667",
            "687bedf0-3546-4f64-bcc4-05fa992e0c4c",
            "e0f0b1a1-95a6-4ab5-aecc-27bb99064bce",
            "6ea6debe-4e73-491f-a36c-303277eb454d",
            "15c61d3d-66c7-4e03-87fa-3741a8557c06",
            "ba19dbdf-5bdf-468a-bf4a-d5270201e0da",
            "255ae0a7-3657-4681-adc5-df127f63dbaa",
            "3fe82dcd-d231-40ae-a9b1-b76c2c950534",
            "1f2cc053-49cb-4829-b283-1d61bda4883c",
            "81cf95bb-d42f-4425-a491-c44d8d47d9d2"
          ],
          "failures": [],
          "pending": [],
          "skipped": [],
          "duration": 121587,
          "root": false,
          "rootEmpty": false,
          "_timeout": 2000
        }
      ],
      "passes": [],
      "failures": [],
      "pending": [],
      "skipped": [],
      "duration": 0,
      "root": true,
      "rootEmpty": true,
      "_timeout": 2000
    }
  ],
  "meta": {
    "mocha": {
      "version": "7.0.1"
    },
    "mochawesome": {
      "options": {
        "quiet": false,
        "reportFilename": "mochawesome",
        "saveHtml": true,
        "saveJson": true,
        "consoleReporter": "spec",
        "useInlineDiffs": false,
        "code": true
      },
      "version": "6.2.1"
    },
    "marge": {
      "options": {
        "mochaFile": "cypress/report/mochawesome-report",
        "overwrite": false,
        "html": "true",
        "json": true,
        "timestamp": "mmmddyyyy_HHMMss"
      },
      "version": "5.1.0"
    }
  }
}