{
  "stats": {
    "suites": 1,
    "tests": 1,
    "passes": 1,
    "pending": 0,
    "failures": 0,
    "start": "2020-12-25T10:24:08.261Z",
    "end": "2020-12-25T10:24:22.885Z",
    "duration": 14624,
    "testsRegistered": 1,
    "passPercent": 100,
    "pendingPercent": 0,
    "other": 0,
    "hasOther": false,
    "skipped": 0,
    "hasSkipped": false
  },
  "results": [
    {
      "uuid": "922c8fe7-2a1c-47a9-b88d-ec2cabea40f6",
      "title": "",
      "fullFile": "cypress\\integration\\Devices.feature",
      "file": "cypress\\integration\\Devices.feature",
      "beforeHooks": [],
      "afterHooks": [],
      "tests": [],
      "suites": [
        {
          "uuid": "8ce9f03c-73a4-4ec6-88b8-a4a7c115ff90",
          "title": "Kapua Devices",
          "fullFile": "",
          "file": "",
          "beforeHooks": [],
          "afterHooks": [],
          "tests": [
            {
              "title": "Create new Device",
              "fullTitle": "Kapua Devices Create new Device",
              "timedOut": null,
              "duration": 9321,
              "state": "passed",
              "speed": "slow",
              "pass": true,
              "fail": false,
              "pending": false,
              "context": null,
              "code": "const state = window.testState;\nreturn cy\n  .then(() => state.onStartScenario(scenario, indexedSteps))\n  .then(() =>\n    resolveAndRunBeforeHooks.call(this, scenario.tags, state.feature.name)\n  )\n  .then(() =>\n    indexedSteps.forEach((step) =>\n      stepTest.call(this, state, step, rowData)\n    )\n  )\n  .then(() =>\n    resolveAndRunAfterHooks.call(this, scenario.tags, state.feature.name)\n  )\n  .then(() => state.onFinishScenario(scenario));",
              "err": {},
              "uuid": "b1795211-41b3-4497-aaee-7ac19b84783c",
              "parentUUID": "8ce9f03c-73a4-4ec6-88b8-a4a7c115ff90",
              "isHook": false,
              "skipped": false
            }
          ],
          "suites": [],
          "passes": [
            "b1795211-41b3-4497-aaee-7ac19b84783c"
          ],
          "failures": [],
          "pending": [],
          "skipped": [],
          "duration": 9321,
          "root": false,
          "rootEmpty": false,
          "_timeout": 2000
        }
      ],
      "passes": [],
      "failures": [],
      "pending": [],
      "skipped": [],
      "duration": 0,
      "root": true,
      "rootEmpty": true,
      "_timeout": 2000
    }
  ],
  "meta": {
    "mocha": {
      "version": "7.0.1"
    },
    "mochawesome": {
      "options": {
        "quiet": false,
        "reportFilename": "mochawesome",
        "saveHtml": true,
        "saveJson": true,
        "consoleReporter": "spec",
        "useInlineDiffs": false,
        "code": true
      },
      "version": "6.2.1"
    },
    "marge": {
      "options": {
        "mochaFile": "cypress/report/mochawesome-report",
        "overwrite": false,
        "html": "true",
        "json": true,
        "timestamp": "mmmddyyyy_HHMMss"
      },
      "version": "5.1.0"
    }
  }
}